[19:59:36] alt:V Server 13.38 (release)
[19:59:36] Starting [GER] MoonV on 0.0.0.0:7788
[19:59:36] Loading resource chat
[19:59:36] Loaded resource chat
[19:59:36] Loading resource es-blip
[19:59:36] Loaded resource es-blip
[19:59:36] Loading resource es-helptext
[19:59:36] Loaded resource es-helptext
[19:59:36] Loading resource es-marker
[19:59:36] Loaded resource es-marker
[19:59:36] Loading resource es-object
[19:59:36] Loaded resource es-object
[19:59:36] Loading resource es-ped
[19:59:36] Loaded resource es-ped
[19:59:36] Loading resource es-streamer-text
[19:59:36] Loaded resource es-streamer-text
[19:59:36] Loading resource discordbot
[19:59:37] Loaded resource discordbot
[19:59:37] Loading resource roleplay
[19:59:39] [MoonV] 0 Accounts geladen..
[19:59:39] [MoonV] 0 Account-Positions geladen..
[19:59:39] [MoonV] 0 Account-Skins geladen..
[19:59:39] [MoonV] 0 Characters geladen..
[19:59:39] [MoonV] Server gestartet.
